2018-01-10 17:42:26,089 INFO [main] c.m.Application [StartupInfoLogger.java:48] Starting Application on pc339k with PID 8888 (D:\soft\eclipse\git\rest\target\classes started by pc339 in D:\soft\eclipse\git\rest)
2018-01-10 17:42:26,101 INFO [main] c.m.Application [SpringApplication.java:593] No active profile set, falling back to default profiles: default
2018-01-10 17:42:26,150 INFO [main] o.s.b.c.e.AnnotationConfigEmbeddedWebApplicationContext [AbstractApplicationContext.java:583] Refreshing org.springframework.boot.context.embedded.AnnotationConfigEmbeddedWebApplicationContext@20f5281c: startup date [Wed Jan 10 17:42:26 CST 2018]; root of context hierarchy
2018-01-10 17:42:26,348 INFO [background-preinit] o.h.v.i.u.Version [Version.java:30] HV000001: Hibernate Validator 5.3.5.Final
2018-01-10 17:42:27,003 INFO [main] o.s.d.r.c.RepositoryConfigurationDelegate [RepositoryConfigurationDelegate.java:165] Multiple Spring Data modules found, entering strict repository configuration mode!
2018-01-10 17:42:27,439 INFO [main] o.s.c.s.PostProcessorRegistrationDelegate$BeanPostProcessorChecker [PostProcessorRegistrationDelegate.java:325] Bean 'application' of type [com.m2m.Application$$EnhancerBySpringCGLIB$$bb051844] is not eligible for getting processed by all BeanPostProcessors (for example: not eligible for auto-proxying)
2018-01-10 17:42:28,054 INFO [main] o.s.b.c.e.t.TomcatEmbeddedServletContainer [TomcatEmbeddedServletContainer.java:89] Tomcat initialized with port(s): 9090 (http)
2018-01-10 17:42:28,068 INFO [main] o.a.c.c.StandardService [DirectJDKLog.java:179] Starting service [Tomcat]
2018-01-10 17:42:28,070 INFO [main] o.a.c.c.StandardEngine [DirectJDKLog.java:179] Starting Servlet Engine: Apache Tomcat/8.5.20
2018-01-10 17:42:28,190 INFO [localhost-startStop-1] o.a.c.c.C.[.[.[/] [DirectJDKLog.java:179] Initializing Spring embedded WebApplicationContext
2018-01-10 17:42:28,190 INFO [localhost-startStop-1] o.s.w.c.ContextLoader [EmbeddedWebApplicationContext.java:276] Root WebApplicationContext: initialization completed in 2040 ms
2018-01-10 17:42:28,375 INFO [localhost-startStop-1] o.s.b.w.s.ServletRegistrationBean [ServletRegistrationBean.java:190] Mapping servlet: 'dispatcherServlet' to [/]
2018-01-10 17:42:28,380 INFO [localhost-startStop-1] o.s.b.w.s.FilterRegistrationBean [AbstractFilterRegistrationBean.java:258] Mapping filter: 'characterEncodingFilter' to: [/*]
2018-01-10 17:42:28,381 INFO [localhost-startStop-1] o.s.b.w.s.FilterRegistrationBean [AbstractFilterRegistrationBean.java:258] Mapping filter: 'hiddenHttpMethodFilter' to: [/*]
2018-01-10 17:42:28,381 INFO [localhost-startStop-1] o.s.b.w.s.FilterRegistrationBean [AbstractFilterRegistrationBean.java:258] Mapping filter: 'httpPutFormContentFilter' to: [/*]
2018-01-10 17:42:28,381 INFO [localhost-startStop-1] o.s.b.w.s.FilterRegistrationBean [AbstractFilterRegistrationBean.java:258] Mapping filter: 'requestContextFilter' to: [/*]
2018-01-10 17:42:28,381 INFO [localhost-startStop-1] o.s.b.w.s.FilterRegistrationBean [AbstractFilterRegistrationBean.java:258] Mapping filter: 'corsFilter' to: [/*]
2018-01-10 17:42:29,641 INFO [main] c.m.s.UserService [UserService.java:72] 初始化规则
2018-01-10 17:42:29,694 INFO [main] c.m.s.ContentTagService [ContentTagService.java:47] indexTag started
2018-01-10 17:42:30,320 INFO [main] c.m.s.ContentTagService [ContentTagService.java:69] indexTag finished.
2018-01-10 17:42:30,447 INFO [main] c.j.a.c.c.NativeHttpClient [NativeHttpClient.java:54] Created instance with connectionTimeout 5,000, readTimeout 30,000, maxRetryTimes 3, SSL Version TLS
2018-01-10 17:42:30,614 INFO [main] c.j.a.c.c.NativeHttpClient [NativeHttpClient.java:54] Created instance with connectionTimeout 5,000, readTimeout 30,000, maxRetryTimes 3, SSL Version TLS
2018-01-10 17:42:30,621 INFO [main] c.j.a.c.c.NativeHttpClient [NativeHttpClient.java:54] Created instance with connectionTimeout 5,000, readTimeout 30,000, maxRetryTimes 3, SSL Version TLS
2018-01-10 17:42:30,622 INFO [main] c.j.a.c.c.NativeHttpClient [NativeHttpClient.java:54] Created instance with connectionTimeout 5,000, readTimeout 30,000, maxRetryTimes 3, SSL Version TLS
2018-01-10 17:42:31,062 INFO [main] o.s.w.s.m.m.a.RequestMappingHandlerAdapter [RequestMappingHandlerAdapter.java:534] Looking for @ControllerAdvice: org.springframework.boot.context.embedded.AnnotationConfigEmbeddedWebApplicationContext@20f5281c: startup date [Wed Jan 10 17:42:26 CST 2018]; root of context hierarchy
2018-01-10 17:42:31,132 INFO [main] o.s.w.s.m.m.a.RequestMappingHandlerMapping [AbstractHandlerMethodMapping.java:543] Mapped "{[/home/showListDetail]}" onto public com.m2m.web.Response<com.m2m.response.ShowListDetailResponse> com.m2m.controller.HomeController.showListDetail(com.m2m.request.ShowListDetailRequest)
2018-01-10 17:42:31,134 INFO [main] o.s.w.s.m.m.a.RequestMappingHandlerMapping [AbstractHandlerMethodMapping.java:543] Mapped "{[/home/recTagGroup]}" onto public java.lang.Object com.m2m.controller.HomeController.recTagGroup(com.m2m.request.Home4RecTagGroupRequest)
2018-01-10 17:42:31,134 INFO [main] o.s.w.s.m.m.a.RequestMappingHandlerMapping [AbstractHandlerMethodMapping.java:543] Mapped "{[/home/attention]}" onto public java.lang.Object com.m2m.controller.HomeController.attention(com.m2m.request.Home4AttentionRequest)
2018-01-10 17:42:31,135 INFO [main] o.s.w.s.m.m.a.RequestMappingHandlerMapping [AbstractHandlerMethodMapping.java:543] Mapped "{[/home/showList]}" onto public com.m2m.web.Response<com.m2m.response.ShowListResponse> com.m2m.controller.HomeController.showList(com.m2m.request.ShowListRequest)
2018-01-10 17:42:31,135 INFO [main] o.s.w.s.m.m.a.RequestMappingHandlerMapping [AbstractHandlerMethodMapping.java:543] Mapped "{[/home/industryOpt]}" onto public com.m2m.web.Response<com.m2m.response.BaseResponse> com.m2m.controller.HomeController.industryOpt(com.m2m.request.IndustryOptRequest)
2018-01-10 17:42:31,136 INFO [main] o.s.w.s.m.m.a.RequestMappingHandlerMapping [AbstractHandlerMethodMapping.java:543] Mapped "{[/home/tagLike]}" onto public java.lang.Object com.m2m.controller.HomeController.tagLike(com.m2m.request.Home4TagLikeRequest)
2018-01-10 17:42:31,136 INFO [main] o.s.w.s.m.m.a.RequestMappingHandlerMapping [AbstractHandlerMethodMapping.java:543] Mapped "{[/home/hot]}" onto public java.lang.Object com.m2m.controller.HomeController.hot(com.m2m.request.Home4HotRequest)
2018-01-10 17:42:31,137 INFO [main] o.s.w.s.m.m.a.RequestMappingHandlerMapping [AbstractHandlerMethodMapping.java:543] Mapped "{[/home/getPricedKingdomList]}" onto public com.m2m.web.Response<com.m2m.response.PricedKingdomListResponse> com.m2m.controller.HomeController.getPricedKingdomList(com.m2m.request.PricedKingdomListRequest)
2018-01-10 17:42:31,141 INFO [main] o.s.w.s.m.m.a.RequestMappingHandlerMapping [AbstractHandlerMethodMapping.java:543] Mapped "{[/live/detail]}" onto public com.m2m.web.Response<com.m2m.response.DetailResponse> com.m2m.controller.LiveController.detail(com.m2m.request.DetailRequest)
2018-01-10 17:42:31,142 INFO [main] o.s.w.s.m.m.a.RequestMappingHandlerMapping [AbstractHandlerMethodMapping.java:543] Mapped "{[/live/speak]}" onto public com.m2m.web.Response<com.m2m.response.SpeakResponse> com.m2m.controller.LiveController.speak(com.m2m.request.SpeakRequest)
2018-01-10 17:42:31,142 INFO [main] o.s.w.s.m.m.a.RequestMappingHandlerMapping [AbstractHandlerMethodMapping.java:543] Mapped "{[/live/liveCover]}" onto public com.m2m.web.Response<com.m2m.response.LiveCoverResponse> com.m2m.controller.LiveController.liveCover(com.m2m.request.Live4LiveCoverRequest)
2018-01-10 17:42:31,143 INFO [main] o.s.w.s.m.m.a.RequestMappingHandlerMapping [AbstractHandlerMethodMapping.java:543] Mapped "{[/live/detailPage]}" onto public com.m2m.web.Response<com.m2m.response.DetailPageResponse> com.m2m.controller.LiveController.detailPage(com.m2m.request.DetailPageRequest)
2018-01-10 17:42:31,143 INFO [main] o.s.w.s.m.m.a.RequestMappingHandlerMapping [AbstractHandlerMethodMapping.java:543] Mapped "{[/live/getMyTopic]}" onto public com.m2m.web.Response<com.m2m.response.MyTopicResponse> com.m2m.controller.LiveController.getMyTopic(com.m2m.request.MyTopicRequest)
2018-01-10 17:42:31,144 INFO [main] o.s.w.s.m.m.a.RequestMappingHandlerMapping [AbstractHandlerMethodMapping.java:543] Mapped "{[/live/getUpdate]}" onto public com.m2m.web.Response<com.m2m.response.TopicUpdateResponse> com.m2m.controller.LiveController.getUpdate(com.m2m.request.TopicUpdateRequest)
2018-01-10 17:42:31,145 INFO [main] o.s.w.s.m.m.a.RequestMappingHandlerMapping [AbstractHandlerMethodMapping.java:543] Mapped "{[/live/detailFidPage]}" onto public com.m2m.web.Response<com.m2m.response.DetailFidPageResponse> com.m2m.controller.LiveController.detailFidPage(com.m2m.request.DetailFidPageRequest)
2018-01-10 17:42:31,145 INFO [main] o.s.w.s.m.m.a.RequestMappingHandlerMapping [AbstractHandlerMethodMapping.java:543] Mapped "{[/live/detailPageStatus]}" onto public com.m2m.web.Response<com.m2m.response.DetailPageStatusResponse> com.m2m.controller.LiveController.detailPageStatus(com.m2m.request.DetailPageStatusRequest)
2018-01-10 17:42:31,146 INFO [main] o.s.w.s.m.m.a.RequestMappingHandlerMapping [AbstractHandlerMethodMapping.java:543] Mapped "{[/user/emotionHisList]}" onto public com.m2m.web.Response<com.m2m.response.EmotionHisListResponse> com.m2m.controller.UserController.emotionHisList(com.m2m.request.EmotionHisListRequest)
2018-01-10 17:42:31,148 INFO [main] o.s.w.s.m.m.a.RequestMappingHandlerMapping [AbstractHandlerMethodMapping.java:543] Mapped "{[/error]}" onto public org.springframework.http.ResponseEntity<java.util.Map<java.lang.String, java.lang.Object>> org.springframework.boot.autoconfigure.web.BasicErrorController.error(javax.servlet.http.HttpServletRequest)
2018-01-10 17:42:31,149 INFO [main] o.s.w.s.m.m.a.RequestMappingHandlerMapping [AbstractHandlerMethodMapping.java:543] Mapped "{[/error],produces=[text/html]}" onto public org.springframework.web.servlet.ModelAndView org.springframework.boot.autoconfigure.web.BasicErrorController.errorHtml(javax.servlet.http.HttpServletRequest,javax.servlet.http.HttpServletResponse)
2018-01-10 17:42:31,180 INFO [main] o.s.w.s.h.SimpleUrlHandlerMapping [AbstractUrlHandlerMapping.java:362] Mapped URL path [/webjars/**] onto handler of type [class org.springframework.web.servlet.resource.ResourceHttpRequestHandler]
2018-01-10 17:42:31,180 INFO [main] o.s.w.s.h.SimpleUrlHandlerMapping [AbstractUrlHandlerMapping.java:362] Mapped URL path [/**] onto handler of type [class org.springframework.web.servlet.resource.ResourceHttpRequestHandler]
2018-01-10 17:42:31,219 INFO [main] o.s.w.s.h.SimpleUrlHandlerMapping [AbstractUrlHandlerMapping.java:362] Mapped URL path [/**/favicon.ico] onto handler of type [class org.springframework.web.servlet.resource.ResourceHttpRequestHandler]
2018-01-10 17:42:31,654 INFO [main] o.s.j.e.a.AnnotationMBeanExporter [MBeanExporter.java:431] Registering beans for JMX exposure on startup
2018-01-10 17:42:31,675 INFO [main] o.a.c.h.Http11NioProtocol [DirectJDKLog.java:179] Initializing ProtocolHandler ["http-nio-9090"]
2018-01-10 17:42:31,685 INFO [main] o.a.c.h.Http11NioProtocol [DirectJDKLog.java:179] Starting ProtocolHandler ["http-nio-9090"]
2018-01-10 17:42:31,698 INFO [main] o.a.t.u.n.NioSelectorPool [DirectJDKLog.java:179] Using a shared selector for servlet write/read
2018-01-10 17:42:31,720 INFO [main] o.s.b.c.e.t.TomcatEmbeddedServletContainer [TomcatEmbeddedServletContainer.java:201] Tomcat started on port(s): 9090 (http)
2018-01-10 17:42:31,724 INFO [main] c.m.Application [StartupInfoLogger.java:57] Started Application in 6.003 seconds (JVM running for 6.503)
2018-01-10 17:42:39,594 INFO [http-nio-9090-exec-1] o.a.c.c.C.[.[.[/] [DirectJDKLog.java:179] Initializing Spring FrameworkServlet 'dispatcherServlet'
2018-01-10 17:42:39,594 INFO [http-nio-9090-exec-1] o.s.w.s.DispatcherServlet [FrameworkServlet.java:489] FrameworkServlet 'dispatcherServlet': initialization started
2018-01-10 17:42:39,619 INFO [http-nio-9090-exec-1] o.s.w.s.DispatcherServlet [FrameworkServlet.java:508] FrameworkServlet 'dispatcherServlet': initialization completed in 25 ms
2018-01-10 17:42:39,901 ERROR [http-nio-9090-exec-1] c.m.c.BaseController [BaseController.java:36] 系统异常
java.lang.NumberFormatException: For input string: ""
	at java.lang.NumberFormatException.forInputString(NumberFormatException.java:65)
	at java.lang.Integer.parseInt(Integer.java:592)
	at java.lang.Integer.parseInt(Integer.java:615)
	at com.m2m.service.ContentService.hot(ContentService.java:777)
	at com.m2m.controller.HomeController.hot(HomeController.java:77)
	at com.m2m.controller.HomeController$$FastClassBySpringCGLIB$$e248c1a.invoke(<generated>)
	at org.springframework.cglib.proxy.MethodProxy.invoke(MethodProxy.java:204)
	at org.springframework.aop.framework.CglibAopProxy$CglibMethodInvocation.invokeJoinpoint(CglibAopProxy.java:738)
	at org.springframework.aop.framework.ReflectiveMethodInvocation.proceed(ReflectiveMethodInvocation.java:157)
	at org.springframework.transaction.interceptor.TransactionInterceptor$1.proceedWithInvocation(TransactionInterceptor.java:99)
	at org.springframework.transaction.interceptor.TransactionAspectSupport.invokeWithinTransaction(TransactionAspectSupport.java:282)
	at org.springframework.transaction.interceptor.TransactionInterceptor.invoke(TransactionInterceptor.java:96)
	at org.springframework.aop.framework.ReflectiveMethodInvocation.proceed(ReflectiveMethodInvocation.java:179)
	at org.springframework.aop.framework.CglibAopProxy$DynamicAdvisedInterceptor.intercept(CglibAopProxy.java:673)
	at com.m2m.controller.HomeController$$EnhancerBySpringCGLIB$$3571adad.hot(<generated>)
	at sun.reflect.NativeMethodAccessorImpl.invoke0(Native Method)
	at sun.reflect.NativeMethodAccessorImpl.invoke(NativeMethodAccessorImpl.java:62)
	at sun.reflect.DelegatingMethodAccessorImpl.invoke(DelegatingMethodAccessorImpl.java:43)
	at java.lang.reflect.Method.invoke(Method.java:498)
	at org.springframework.web.method.support.InvocableHandlerMethod.doInvoke(InvocableHandlerMethod.java:205)
	at org.springframework.web.method.support.InvocableHandlerMethod.invokeForRequest(InvocableHandlerMethod.java:133)
	at org.springframework.web.servlet.mvc.method.annotation.ServletInvocableHandlerMethod.invokeAndHandle(ServletInvocableHandlerMethod.java:97)
	at org.springframework.web.servlet.mvc.method.annotation.RequestMappingHandlerAdapter.invokeHandlerMethod(RequestMappingHandlerAdapter.java:827)
	at org.springframework.web.servlet.mvc.method.annotation.RequestMappingHandlerAdapter.handleInternal(RequestMappingHandlerAdapter.java:738)
	at org.springframework.web.servlet.mvc.method.AbstractHandlerMethodAdapter.handle(AbstractHandlerMethodAdapter.java:85)
	at org.springframework.web.servlet.DispatcherServlet.doDispatch(DispatcherServlet.java:967)
	at org.springframework.web.servlet.DispatcherServlet.doService(DispatcherServlet.java:901)
	at org.springframework.web.servlet.FrameworkServlet.processRequest(FrameworkServlet.java:970)
	at org.springframework.web.servlet.FrameworkServlet.doPost(FrameworkServlet.java:872)
	at javax.servlet.http.HttpServlet.service(HttpServlet.java:661)
	at org.springframework.web.servlet.FrameworkServlet.service(FrameworkServlet.java:846)
	at javax.servlet.http.HttpServlet.service(HttpServlet.java:742)
	at org.apache.catalina.core.ApplicationFilterChain.internalDoFilter(ApplicationFilterChain.java:231)
	at org.apache.catalina.core.ApplicationFilterChain.doFilter(ApplicationFilterChain.java:166)
	at org.apache.tomcat.websocket.server.WsFilter.doFilter(WsFilter.java:52)
	at org.apache.catalina.core.ApplicationFilterChain.internalDoFilter(ApplicationFilterChain.java:193)
	at org.apache.catalina.core.ApplicationFilterChain.doFilter(ApplicationFilterChain.java:166)
	at org.springframework.web.filter.CorsFilter.doFilterInternal(CorsFilter.java:96)
	at org.springframework.web.filter.OncePerRequestFilter.doFilter(OncePerRequestFilter.java:107)
	at org.apache.catalina.core.ApplicationFilterChain.internalDoFilter(ApplicationFilterChain.java:193)
	at org.apache.catalina.core.ApplicationFilterChain.doFilter(ApplicationFilterChain.java:166)
	at org.springframework.web.filter.RequestContextFilter.doFilterInternal(RequestContextFilter.java:99)
	at org.springframework.web.filter.OncePerRequestFilter.doFilter(OncePerRequestFilter.java:107)
	at org.apache.catalina.core.ApplicationFilterChain.internalDoFilter(ApplicationFilterChain.java:193)
	at org.apache.catalina.core.ApplicationFilterChain.doFilter(ApplicationFilterChain.java:166)
	at org.springframework.web.filter.HttpPutFormContentFilter.doFilterInternal(HttpPutFormContentFilter.java:108)
	at org.springframework.web.filter.OncePerRequestFilter.doFilter(OncePerRequestFilter.java:107)
	at org.apache.catalina.core.ApplicationFilterChain.internalDoFilter(ApplicationFilterChain.java:193)
	at org.apache.catalina.core.ApplicationFilterChain.doFilter(ApplicationFilterChain.java:166)
	at org.springframework.web.filter.HiddenHttpMethodFilter.doFilterInternal(HiddenHttpMethodFilter.java:81)
	at org.springframework.web.filter.OncePerRequestFilter.doFilter(OncePerRequestFilter.java:107)
	at org.apache.catalina.core.ApplicationFilterChain.internalDoFilter(ApplicationFilterChain.java:193)
	at org.apache.catalina.core.ApplicationFilterChain.doFilter(ApplicationFilterChain.java:166)
	at org.springframework.web.filter.CharacterEncodingFilter.doFilterInternal(CharacterEncodingFilter.java:197)
	at org.springframework.web.filter.OncePerRequestFilter.doFilter(OncePerRequestFilter.java:107)
	at org.apache.catalina.core.ApplicationFilterChain.internalDoFilter(ApplicationFilterChain.java:193)
	at org.apache.catalina.core.ApplicationFilterChain.doFilter(ApplicationFilterChain.java:166)
	at org.apache.catalina.core.StandardWrapperValve.invoke(StandardWrapperValve.java:198)
	at org.apache.catalina.core.StandardContextValve.invoke(StandardContextValve.java:96)
	at org.apache.catalina.authenticator.AuthenticatorBase.invoke(AuthenticatorBase.java:478)
	at org.apache.catalina.core.StandardHostValve.invoke(StandardHostValve.java:140)
	at org.apache.catalina.valves.ErrorReportValve.invoke(ErrorReportValve.java:80)
	at org.apache.catalina.core.StandardEngineValve.invoke(StandardEngineValve.java:87)
	at org.apache.catalina.connector.CoyoteAdapter.service(CoyoteAdapter.java:342)
	at org.apache.coyote.http11.Http11Processor.service(Http11Processor.java:799)
	at org.apache.coyote.AbstractProcessorLight.process(AbstractProcessorLight.java:66)
	at org.apache.coyote.AbstractProtocol$ConnectionHandler.process(AbstractProtocol.java:868)
	at org.apache.tomcat.util.net.NioEndpoint$SocketProcessor.doRun(NioEndpoint.java:1457)
	at org.apache.tomcat.util.net.SocketProcessorBase.run(SocketProcessorBase.java:49)
	at java.util.concurrent.ThreadPoolExecutor.runWorker(ThreadPoolExecutor.java:1142)
	at java.util.concurrent.ThreadPoolExecutor$Worker.run(ThreadPoolExecutor.java:617)
	at org.apache.tomcat.util.threads.TaskThread$WrappingRunnable.run(TaskThread.java:61)
	at java.lang.Thread.run(Thread.java:745)
2018-01-10 17:42:39,956 INFO [http-nio-9090-exec-1] c.m.i.UserSecurityInterceptor [UserSecurityInterceptor.java:100] [298]-[/home/hot]-[{"uid":"298","page":"1","token":"5c4b4f4da10b4e9293cfbd679d99d6a3"}], EXECUTE TIME : [283ms]
2018-01-10 17:43:57,653 ERROR [http-nio-9090-exec-2] c.m.c.BaseController [BaseController.java:36] 系统异常
java.lang.NumberFormatException: For input string: ""
	at java.lang.NumberFormatException.forInputString(NumberFormatException.java:65)
	at java.lang.Integer.parseInt(Integer.java:592)
	at java.lang.Integer.parseInt(Integer.java:615)
	at com.m2m.service.ContentService.hot(ContentService.java:777)
	at com.m2m.controller.HomeController.hot(HomeController.java:77)
	at com.m2m.controller.HomeController$$FastClassBySpringCGLIB$$e248c1a.invoke(<generated>)
	at org.springframework.cglib.proxy.MethodProxy.invoke(MethodProxy.java:204)
	at org.springframework.aop.framework.CglibAopProxy$CglibMethodInvocation.invokeJoinpoint(CglibAopProxy.java:738)
	at org.springframework.aop.framework.ReflectiveMethodInvocation.proceed(ReflectiveMethodInvocation.java:157)
	at org.springframework.transaction.interceptor.TransactionInterceptor$1.proceedWithInvocation(TransactionInterceptor.java:99)
	at org.springframework.transaction.interceptor.TransactionAspectSupport.invokeWithinTransaction(TransactionAspectSupport.java:282)
	at org.springframework.transaction.interceptor.TransactionInterceptor.invoke(TransactionInterceptor.java:96)
	at org.springframework.aop.framework.ReflectiveMethodInvocation.proceed(ReflectiveMethodInvocation.java:179)
	at org.springframework.aop.framework.CglibAopProxy$DynamicAdvisedInterceptor.intercept(CglibAopProxy.java:673)
	at com.m2m.controller.HomeController$$EnhancerBySpringCGLIB$$3571adad.hot(<generated>)
	at sun.reflect.NativeMethodAccessorImpl.invoke0(Native Method)
	at sun.reflect.NativeMethodAccessorImpl.invoke(NativeMethodAccessorImpl.java:62)
	at sun.reflect.DelegatingMethodAccessorImpl.invoke(DelegatingMethodAccessorImpl.java:43)
	at java.lang.reflect.Method.invoke(Method.java:498)
	at org.springframework.web.method.support.InvocableHandlerMethod.doInvoke(InvocableHandlerMethod.java:205)
	at org.springframework.web.method.support.InvocableHandlerMethod.invokeForRequest(InvocableHandlerMethod.java:133)
	at org.springframework.web.servlet.mvc.method.annotation.ServletInvocableHandlerMethod.invokeAndHandle(ServletInvocableHandlerMethod.java:97)
	at org.springframework.web.servlet.mvc.method.annotation.RequestMappingHandlerAdapter.invokeHandlerMethod(RequestMappingHandlerAdapter.java:827)
	at org.springframework.web.servlet.mvc.method.annotation.RequestMappingHandlerAdapter.handleInternal(RequestMappingHandlerAdapter.java:738)
	at org.springframework.web.servlet.mvc.method.AbstractHandlerMethodAdapter.handle(AbstractHandlerMethodAdapter.java:85)
	at org.springframework.web.servlet.DispatcherServlet.doDispatch(DispatcherServlet.java:967)
	at org.springframework.web.servlet.DispatcherServlet.doService(DispatcherServlet.java:901)
	at org.springframework.web.servlet.FrameworkServlet.processRequest(FrameworkServlet.java:970)
	at org.springframework.web.servlet.FrameworkServlet.doPost(FrameworkServlet.java:872)
	at javax.servlet.http.HttpServlet.service(HttpServlet.java:661)
	at org.springframework.web.servlet.FrameworkServlet.service(FrameworkServlet.java:846)
	at javax.servlet.http.HttpServlet.service(HttpServlet.java:742)
	at org.apache.catalina.core.ApplicationFilterChain.internalDoFilter(ApplicationFilterChain.java:231)
	at org.apache.catalina.core.ApplicationFilterChain.doFilter(ApplicationFilterChain.java:166)
	at org.apache.tomcat.websocket.server.WsFilter.doFilter(WsFilter.java:52)
	at org.apache.catalina.core.ApplicationFilterChain.internalDoFilter(ApplicationFilterChain.java:193)
	at org.apache.catalina.core.ApplicationFilterChain.doFilter(ApplicationFilterChain.java:166)
	at org.springframework.web.filter.CorsFilter.doFilterInternal(CorsFilter.java:96)
	at org.springframework.web.filter.OncePerRequestFilter.doFilter(OncePerRequestFilter.java:107)
	at org.apache.catalina.core.ApplicationFilterChain.internalDoFilter(ApplicationFilterChain.java:193)
	at org.apache.catalina.core.ApplicationFilterChain.doFilter(ApplicationFilterChain.java:166)
	at org.springframework.web.filter.RequestContextFilter.doFilterInternal(RequestContextFilter.java:99)
	at org.springframework.web.filter.OncePerRequestFilter.doFilter(OncePerRequestFilter.java:107)
	at org.apache.catalina.core.ApplicationFilterChain.internalDoFilter(ApplicationFilterChain.java:193)
	at org.apache.catalina.core.ApplicationFilterChain.doFilter(ApplicationFilterChain.java:166)
	at org.springframework.web.filter.HttpPutFormContentFilter.doFilterInternal(HttpPutFormContentFilter.java:108)
	at org.springframework.web.filter.OncePerRequestFilter.doFilter(OncePerRequestFilter.java:107)
	at org.apache.catalina.core.ApplicationFilterChain.internalDoFilter(ApplicationFilterChain.java:193)
	at org.apache.catalina.core.ApplicationFilterChain.doFilter(ApplicationFilterChain.java:166)
	at org.springframework.web.filter.HiddenHttpMethodFilter.doFilterInternal(HiddenHttpMethodFilter.java:81)
	at org.springframework.web.filter.OncePerRequestFilter.doFilter(OncePerRequestFilter.java:107)
	at org.apache.catalina.core.ApplicationFilterChain.internalDoFilter(ApplicationFilterChain.java:193)
	at org.apache.catalina.core.ApplicationFilterChain.doFilter(ApplicationFilterChain.java:166)
	at org.springframework.web.filter.CharacterEncodingFilter.doFilterInternal(CharacterEncodingFilter.java:197)
	at org.springframework.web.filter.OncePerRequestFilter.doFilter(OncePerRequestFilter.java:107)
	at org.apache.catalina.core.ApplicationFilterChain.internalDoFilter(ApplicationFilterChain.java:193)
	at org.apache.catalina.core.ApplicationFilterChain.doFilter(ApplicationFilterChain.java:166)
	at org.apache.catalina.core.StandardWrapperValve.invoke(StandardWrapperValve.java:198)
	at org.apache.catalina.core.StandardContextValve.invoke(StandardContextValve.java:96)
	at org.apache.catalina.authenticator.AuthenticatorBase.invoke(AuthenticatorBase.java:478)
	at org.apache.catalina.core.StandardHostValve.invoke(StandardHostValve.java:140)
	at org.apache.catalina.valves.ErrorReportValve.invoke(ErrorReportValve.java:80)
	at org.apache.catalina.core.StandardEngineValve.invoke(StandardEngineValve.java:87)
	at org.apache.catalina.connector.CoyoteAdapter.service(CoyoteAdapter.java:342)
	at org.apache.coyote.http11.Http11Processor.service(Http11Processor.java:799)
	at org.apache.coyote.AbstractProcessorLight.process(AbstractProcessorLight.java:66)
	at org.apache.coyote.AbstractProtocol$ConnectionHandler.process(AbstractProtocol.java:868)
	at org.apache.tomcat.util.net.NioEndpoint$SocketProcessor.doRun(NioEndpoint.java:1457)
	at org.apache.tomcat.util.net.SocketProcessorBase.run(SocketProcessorBase.java:49)
	at java.util.concurrent.ThreadPoolExecutor.runWorker(ThreadPoolExecutor.java:1142)
	at java.util.concurrent.ThreadPoolExecutor$Worker.run(ThreadPoolExecutor.java:617)
	at org.apache.tomcat.util.threads.TaskThread$WrappingRunnable.run(TaskThread.java:61)
	at java.lang.Thread.run(Thread.java:745)
2018-01-10 17:43:57,658 INFO [http-nio-9090-exec-2] c.m.i.UserSecurityInterceptor [UserSecurityInterceptor.java:100] [298]-[/home/hot]-[{"uid":"298","page":"1","token":"5c4b4f4da10b4e9293cfbd679d99d6a3"}], EXECUTE TIME : [27971ms]
2018-01-10 17:44:24,323 INFO [http-nio-9090-exec-3] c.m.i.UserSecurityInterceptor [UserSecurityInterceptor.java:100] [298]-[/home/hot]-[{"uid":"298","page":"1","token":"5c4b4f4da10b4e9293cfbd679d99d6a3"}], EXECUTE TIME : [382ms]
2018-01-10 17:44:24,352 ERROR [http-nio-9090-exec-3] o.a.c.c.C.[.[.[.[dispatcherServlet] [DirectJDKLog.java:181] Servlet.service() for servlet [dispatcherServlet] in context with path [] threw exception [Handler dispatch failed; nested exception is java.lang.ExceptionInInitializerError] with root cause
java.lang.ClassNotFoundException: Cannot find implementation for com.m2m.copier.ContentCopier
	at org.mapstruct.factory.Mappers.getMapper(Mappers.java:93)
	at org.mapstruct.factory.Mappers.getMapper(Mappers.java:76)
	at com.m2m.copier.ContentCopier.<clinit>(ContentCopier.java:20)
	at com.m2m.service.ContentService.hot(ContentService.java:1073)
	at com.m2m.controller.HomeController.hot(HomeController.java:77)
	at com.m2m.controller.HomeController$$FastClassBySpringCGLIB$$e248c1a.invoke(<generated>)
	at org.springframework.cglib.proxy.MethodProxy.invoke(MethodProxy.java:204)
	at org.springframework.aop.framework.CglibAopProxy$CglibMethodInvocation.invokeJoinpoint(CglibAopProxy.java:738)
	at org.springframework.aop.framework.ReflectiveMethodInvocation.proceed(ReflectiveMethodInvocation.java:157)
	at org.springframework.transaction.interceptor.TransactionInterceptor$1.proceedWithInvocation(TransactionInterceptor.java:99)
	at org.springframework.transaction.interceptor.TransactionAspectSupport.invokeWithinTransaction(TransactionAspectSupport.java:282)
	at org.springframework.transaction.interceptor.TransactionInterceptor.invoke(TransactionInterceptor.java:96)
	at org.springframework.aop.framework.ReflectiveMethodInvocation.proceed(ReflectiveMethodInvocation.java:179)
	at org.springframework.aop.framework.CglibAopProxy$DynamicAdvisedInterceptor.intercept(CglibAopProxy.java:673)
	at com.m2m.controller.HomeController$$EnhancerBySpringCGLIB$$3571adad.hot(<generated>)
	at sun.reflect.NativeMethodAccessorImpl.invoke0(Native Method)
	at sun.reflect.NativeMethodAccessorImpl.invoke(NativeMethodAccessorImpl.java:62)
	at sun.reflect.DelegatingMethodAccessorImpl.invoke(DelegatingMethodAccessorImpl.java:43)
	at java.lang.reflect.Method.invoke(Method.java:498)
	at org.springframework.web.method.support.InvocableHandlerMethod.doInvoke(InvocableHandlerMethod.java:205)
	at org.springframework.web.method.support.InvocableHandlerMethod.invokeForRequest(InvocableHandlerMethod.java:133)
	at org.springframework.web.servlet.mvc.method.annotation.ServletInvocableHandlerMethod.invokeAndHandle(ServletInvocableHandlerMethod.java:97)
	at org.springframework.web.servlet.mvc.method.annotation.RequestMappingHandlerAdapter.invokeHandlerMethod(RequestMappingHandlerAdapter.java:827)
	at org.springframework.web.servlet.mvc.method.annotation.RequestMappingHandlerAdapter.handleInternal(RequestMappingHandlerAdapter.java:738)
	at org.springframework.web.servlet.mvc.method.AbstractHandlerMethodAdapter.handle(AbstractHandlerMethodAdapter.java:85)
	at org.springframework.web.servlet.DispatcherServlet.doDispatch(DispatcherServlet.java:967)
	at org.springframework.web.servlet.DispatcherServlet.doService(DispatcherServlet.java:901)
	at org.springframework.web.servlet.FrameworkServlet.processRequest(FrameworkServlet.java:970)
	at org.springframework.web.servlet.FrameworkServlet.doPost(FrameworkServlet.java:872)
	at javax.servlet.http.HttpServlet.service(HttpServlet.java:661)
	at org.springframework.web.servlet.FrameworkServlet.service(FrameworkServlet.java:846)
	at javax.servlet.http.HttpServlet.service(HttpServlet.java:742)
	at org.apache.catalina.core.ApplicationFilterChain.internalDoFilter(ApplicationFilterChain.java:231)
	at org.apache.catalina.core.ApplicationFilterChain.doFilter(ApplicationFilterChain.java:166)
	at org.apache.tomcat.websocket.server.WsFilter.doFilter(WsFilter.java:52)
	at org.apache.catalina.core.ApplicationFilterChain.internalDoFilter(ApplicationFilterChain.java:193)
	at org.apache.catalina.core.ApplicationFilterChain.doFilter(ApplicationFilterChain.java:166)
	at org.springframework.web.filter.CorsFilter.doFilterInternal(CorsFilter.java:96)
	at org.springframework.web.filter.OncePerRequestFilter.doFilter(OncePerRequestFilter.java:107)
	at org.apache.catalina.core.ApplicationFilterChain.internalDoFilter(ApplicationFilterChain.java:193)
	at org.apache.catalina.core.ApplicationFilterChain.doFilter(ApplicationFilterChain.java:166)
	at org.springframework.web.filter.RequestContextFilter.doFilterInternal(RequestContextFilter.java:99)
	at org.springframework.web.filter.OncePerRequestFilter.doFilter(OncePerRequestFilter.java:107)
	at org.apache.catalina.core.ApplicationFilterChain.internalDoFilter(ApplicationFilterChain.java:193)
	at org.apache.catalina.core.ApplicationFilterChain.doFilter(ApplicationFilterChain.java:166)
	at org.springframework.web.filter.HttpPutFormContentFilter.doFilterInternal(HttpPutFormContentFilter.java:108)
	at org.springframework.web.filter.OncePerRequestFilter.doFilter(OncePerRequestFilter.java:107)
	at org.apache.catalina.core.ApplicationFilterChain.internalDoFilter(ApplicationFilterChain.java:193)
	at org.apache.catalina.core.ApplicationFilterChain.doFilter(ApplicationFilterChain.java:166)
	at org.springframework.web.filter.HiddenHttpMethodFilter.doFilterInternal(HiddenHttpMethodFilter.java:81)
	at org.springframework.web.filter.OncePerRequestFilter.doFilter(OncePerRequestFilter.java:107)
	at org.apache.catalina.core.ApplicationFilterChain.internalDoFilter(ApplicationFilterChain.java:193)
	at org.apache.catalina.core.ApplicationFilterChain.doFilter(ApplicationFilterChain.java:166)
	at org.springframework.web.filter.CharacterEncodingFilter.doFilterInternal(CharacterEncodingFilter.java:197)
	at org.springframework.web.filter.OncePerRequestFilter.doFilter(OncePerRequestFilter.java:107)
	at org.apache.catalina.core.ApplicationFilterChain.internalDoFilter(ApplicationFilterChain.java:193)
	at org.apache.catalina.core.ApplicationFilterChain.doFilter(ApplicationFilterChain.java:166)
	at org.apache.catalina.core.StandardWrapperValve.invoke(StandardWrapperValve.java:198)
	at org.apache.catalina.core.StandardContextValve.invoke(StandardContextValve.java:96)
	at org.apache.catalina.authenticator.AuthenticatorBase.invoke(AuthenticatorBase.java:478)
	at org.apache.catalina.core.StandardHostValve.invoke(StandardHostValve.java:140)
	at org.apache.catalina.valves.ErrorReportValve.invoke(ErrorReportValve.java:80)
	at org.apache.catalina.core.StandardEngineValve.invoke(StandardEngineValve.java:87)
	at org.apache.catalina.connector.CoyoteAdapter.service(CoyoteAdapter.java:342)
	at org.apache.coyote.http11.Http11Processor.service(Http11Processor.java:799)
	at org.apache.coyote.AbstractProcessorLight.process(AbstractProcessorLight.java:66)
	at org.apache.coyote.AbstractProtocol$ConnectionHandler.process(AbstractProtocol.java:868)
	at org.apache.tomcat.util.net.NioEndpoint$SocketProcessor.doRun(NioEndpoint.java:1457)
	at org.apache.tomcat.util.net.SocketProcessorBase.run(SocketProcessorBase.java:49)
	at java.util.concurrent.ThreadPoolExecutor.runWorker(ThreadPoolExecutor.java:1142)
	at java.util.concurrent.ThreadPoolExecutor$Worker.run(ThreadPoolExecutor.java:617)
	at org.apache.tomcat.util.threads.TaskThread$WrappingRunnable.run(TaskThread.java:61)
	at java.lang.Thread.run(Thread.java:745)
2018-01-10 17:44:24,371 INFO [http-nio-9090-exec-3] c.m.i.UserSecurityInterceptor [UserSecurityInterceptor.java:100] [298]-[/error]-[{"uid":"298","page":"1","token":"5c4b4f4da10b4e9293cfbd679d99d6a3"}], EXECUTE TIME : [15ms]
2018-01-10 17:44:34,339 INFO [http-nio-9090-exec-4] c.m.i.UserSecurityInterceptor [UserSecurityInterceptor.java:100] [298]-[/home/hot]-[{"uid":"298","page":"1","token":"5c4b4f4da10b4e9293cfbd679d99d6a3"}], EXECUTE TIME : [109ms]
2018-01-10 17:44:34,380 ERROR [http-nio-9090-exec-4] o.a.c.c.C.[.[.[.[dispatcherServlet] [DirectJDKLog.java:181] Servlet.service() for servlet [dispatcherServlet] in context with path [] threw exception [Handler dispatch failed; nested exception is java.lang.NoClassDefFoundError: Could not initialize class com.m2m.copier.ContentCopier] with root cause
java.lang.NoClassDefFoundError: Could not initialize class com.m2m.copier.ContentCopier
	at com.m2m.service.ContentService.hot(ContentService.java:1073)
	at com.m2m.controller.HomeController.hot(HomeController.java:77)
	at com.m2m.controller.HomeController$$FastClassBySpringCGLIB$$e248c1a.invoke(<generated>)
	at org.springframework.cglib.proxy.MethodProxy.invoke(MethodProxy.java:204)
	at org.springframework.aop.framework.CglibAopProxy$CglibMethodInvocation.invokeJoinpoint(CglibAopProxy.java:738)
	at org.springframework.aop.framework.ReflectiveMethodInvocation.proceed(ReflectiveMethodInvocation.java:157)
	at org.springframework.transaction.interceptor.TransactionInterceptor$1.proceedWithInvocation(TransactionInterceptor.java:99)
	at org.springframework.transaction.interceptor.TransactionAspectSupport.invokeWithinTransaction(TransactionAspectSupport.java:282)
	at org.springframework.transaction.interceptor.TransactionInterceptor.invoke(TransactionInterceptor.java:96)
	at org.springframework.aop.framework.ReflectiveMethodInvocation.proceed(ReflectiveMethodInvocation.java:179)
	at org.springframework.aop.framework.CglibAopProxy$DynamicAdvisedInterceptor.intercept(CglibAopProxy.java:673)
	at com.m2m.controller.HomeController$$EnhancerBySpringCGLIB$$3571adad.hot(<generated>)
	at sun.reflect.NativeMethodAccessorImpl.invoke0(Native Method)
	at sun.reflect.NativeMethodAccessorImpl.invoke(NativeMethodAccessorImpl.java:62)
	at sun.reflect.DelegatingMethodAccessorImpl.invoke(DelegatingMethodAccessorImpl.java:43)
	at java.lang.reflect.Method.invoke(Method.java:498)
	at org.springframework.web.method.support.InvocableHandlerMethod.doInvoke(InvocableHandlerMethod.java:205)
	at org.springframework.web.method.support.InvocableHandlerMethod.invokeForRequest(InvocableHandlerMethod.java:133)
	at org.springframework.web.servlet.mvc.method.annotation.ServletInvocableHandlerMethod.invokeAndHandle(ServletInvocableHandlerMethod.java:97)
	at org.springframework.web.servlet.mvc.method.annotation.RequestMappingHandlerAdapter.invokeHandlerMethod(RequestMappingHandlerAdapter.java:827)
	at org.springframework.web.servlet.mvc.method.annotation.RequestMappingHandlerAdapter.handleInternal(RequestMappingHandlerAdapter.java:738)
	at org.springframework.web.servlet.mvc.method.AbstractHandlerMethodAdapter.handle(AbstractHandlerMethodAdapter.java:85)
	at org.springframework.web.servlet.DispatcherServlet.doDispatch(DispatcherServlet.java:967)
	at org.springframework.web.servlet.DispatcherServlet.doService(DispatcherServlet.java:901)
	at org.springframework.web.servlet.FrameworkServlet.processRequest(FrameworkServlet.java:970)
	at org.springframework.web.servlet.FrameworkServlet.doPost(FrameworkServlet.java:872)
	at javax.servlet.http.HttpServlet.service(HttpServlet.java:661)
	at org.springframework.web.servlet.FrameworkServlet.service(FrameworkServlet.java:846)
	at javax.servlet.http.HttpServlet.service(HttpServlet.java:742)
	at org.apache.catalina.core.ApplicationFilterChain.internalDoFilter(ApplicationFilterChain.java:231)
	at org.apache.catalina.core.ApplicationFilterChain.doFilter(ApplicationFilterChain.java:166)
	at org.apache.tomcat.websocket.server.WsFilter.doFilter(WsFilter.java:52)
	at org.apache.catalina.core.ApplicationFilterChain.internalDoFilter(ApplicationFilterChain.java:193)
	at org.apache.catalina.core.ApplicationFilterChain.doFilter(ApplicationFilterChain.java:166)
	at org.springframework.web.filter.CorsFilter.doFilterInternal(CorsFilter.java:96)
	at org.springframework.web.filter.OncePerRequestFilter.doFilter(OncePerRequestFilter.java:107)
	at org.apache.catalina.core.ApplicationFilterChain.internalDoFilter(ApplicationFilterChain.java:193)
	at org.apache.catalina.core.ApplicationFilterChain.doFilter(ApplicationFilterChain.java:166)
	at org.springframework.web.filter.RequestContextFilter.doFilterInternal(RequestContextFilter.java:99)
	at org.springframework.web.filter.OncePerRequestFilter.doFilter(OncePerRequestFilter.java:107)
	at org.apache.catalina.core.ApplicationFilterChain.internalDoFilter(ApplicationFilterChain.java:193)
	at org.apache.catalina.core.ApplicationFilterChain.doFilter(ApplicationFilterChain.java:166)
	at org.springframework.web.filter.HttpPutFormContentFilter.doFilterInternal(HttpPutFormContentFilter.java:108)
	at org.springframework.web.filter.OncePerRequestFilter.doFilter(OncePerRequestFilter.java:107)
	at org.apache.catalina.core.ApplicationFilterChain.internalDoFilter(ApplicationFilterChain.java:193)
	at org.apache.catalina.core.ApplicationFilterChain.doFilter(ApplicationFilterChain.java:166)
	at org.springframework.web.filter.HiddenHttpMethodFilter.doFilterInternal(HiddenHttpMethodFilter.java:81)
	at org.springframework.web.filter.OncePerRequestFilter.doFilter(OncePerRequestFilter.java:107)
	at org.apache.catalina.core.ApplicationFilterChain.internalDoFilter(ApplicationFilterChain.java:193)
	at org.apache.catalina.core.ApplicationFilterChain.doFilter(ApplicationFilterChain.java:166)
	at org.springframework.web.filter.CharacterEncodingFilter.doFilterInternal(CharacterEncodingFilter.java:197)
	at org.springframework.web.filter.OncePerRequestFilter.doFilter(OncePerRequestFilter.java:107)
	at org.apache.catalina.core.ApplicationFilterChain.internalDoFilter(ApplicationFilterChain.java:193)
	at org.apache.catalina.core.ApplicationFilterChain.doFilter(ApplicationFilterChain.java:166)
	at org.apache.catalina.core.StandardWrapperValve.invoke(StandardWrapperValve.java:198)
	at org.apache.catalina.core.StandardContextValve.invoke(StandardContextValve.java:96)
	at org.apache.catalina.authenticator.AuthenticatorBase.invoke(AuthenticatorBase.java:478)
	at org.apache.catalina.core.StandardHostValve.invoke(StandardHostValve.java:140)
	at org.apache.catalina.valves.ErrorReportValve.invoke(ErrorReportValve.java:80)
	at org.apache.catalina.core.StandardEngineValve.invoke(StandardEngineValve.java:87)
	at org.apache.catalina.connector.CoyoteAdapter.service(CoyoteAdapter.java:342)
	at org.apache.coyote.http11.Http11Processor.service(Http11Processor.java:799)
	at org.apache.coyote.AbstractProcessorLight.process(AbstractProcessorLight.java:66)
	at org.apache.coyote.AbstractProtocol$ConnectionHandler.process(AbstractProtocol.java:868)
	at org.apache.tomcat.util.net.NioEndpoint$SocketProcessor.doRun(NioEndpoint.java:1457)
	at org.apache.tomcat.util.net.SocketProcessorBase.run(SocketProcessorBase.java:49)
	at java.util.concurrent.ThreadPoolExecutor.runWorker(ThreadPoolExecutor.java:1142)
	at java.util.concurrent.ThreadPoolExecutor$Worker.run(ThreadPoolExecutor.java:617)
	at org.apache.tomcat.util.threads.TaskThread$WrappingRunnable.run(TaskThread.java:61)
	at java.lang.Thread.run(Thread.java:745)
2018-01-10 17:44:34,385 INFO [http-nio-9090-exec-4] c.m.i.UserSecurityInterceptor [UserSecurityInterceptor.java:100] [298]-[/error]-[{"uid":"298","page":"1","token":"5c4b4f4da10b4e9293cfbd679d99d6a3"}], EXECUTE TIME : [4ms]
2018-01-10 17:45:22,749 INFO [main] c.m.Application [StartupInfoLogger.java:48] Starting Application on pc339k with PID 3920 (D:\soft\eclipse\git\rest\target\classes started by pc339 in D:\soft\eclipse\git\rest)
2018-01-10 17:45:22,753 INFO [main] c.m.Application [SpringApplication.java:593] No active profile set, falling back to default profiles: default
2018-01-10 17:45:22,800 INFO [main] o.s.b.c.e.AnnotationConfigEmbeddedWebApplicationContext [AbstractApplicationContext.java:583] Refreshing org.springframework.boot.context.embedded.AnnotationConfigEmbeddedWebApplicationContext@20f5281c: startup date [Wed Jan 10 17:45:22 CST 2018]; root of context hierarchy
2018-01-10 17:45:23,002 INFO [background-preinit] o.h.v.i.u.Version [Version.java:30] HV000001: Hibernate Validator 5.3.5.Final
2018-01-10 17:45:23,603 INFO [main] o.s.d.r.c.RepositoryConfigurationDelegate [RepositoryConfigurationDelegate.java:165] Multiple Spring Data modules found, entering strict repository configuration mode!
2018-01-10 17:45:24,020 INFO [main] o.s.c.s.PostProcessorRegistrationDelegate$BeanPostProcessorChecker [PostProcessorRegistrationDelegate.java:325] Bean 'application' of type [com.m2m.Application$$EnhancerBySpringCGLIB$$c60f4178] is not eligible for getting processed by all BeanPostProcessors (for example: not eligible for auto-proxying)
2018-01-10 17:45:24,616 INFO [main] o.s.b.c.e.t.TomcatEmbeddedServletContainer [TomcatEmbeddedServletContainer.java:89] Tomcat initialized with port(s): 9090 (http)
2018-01-10 17:45:24,629 INFO [main] o.a.c.c.StandardService [DirectJDKLog.java:179] Starting service [Tomcat]
2018-01-10 17:45:24,630 INFO [main] o.a.c.c.StandardEngine [DirectJDKLog.java:179] Starting Servlet Engine: Apache Tomcat/8.5.20
2018-01-10 17:45:24,743 INFO [localhost-startStop-1] o.a.c.c.C.[.[.[/] [DirectJDKLog.java:179] Initializing Spring embedded WebApplicationContext
2018-01-10 17:45:24,743 INFO [localhost-startStop-1] o.s.w.c.ContextLoader [EmbeddedWebApplicationContext.java:276] Root WebApplicationContext: initialization completed in 1943 ms
2018-01-10 17:45:24,945 INFO [localhost-startStop-1] o.s.b.w.s.ServletRegistrationBean [ServletRegistrationBean.java:190] Mapping servlet: 'dispatcherServlet' to [/]
2018-01-10 17:45:24,948 INFO [localhost-startStop-1] o.s.b.w.s.FilterRegistrationBean [AbstractFilterRegistrationBean.java:258] Mapping filter: 'characterEncodingFilter' to: [/*]
2018-01-10 17:45:24,949 INFO [localhost-startStop-1] o.s.b.w.s.FilterRegistrationBean [AbstractFilterRegistrationBean.java:258] Mapping filter: 'hiddenHttpMethodFilter' to: [/*]
2018-01-10 17:45:24,949 INFO [localhost-startStop-1] o.s.b.w.s.FilterRegistrationBean [AbstractFilterRegistrationBean.java:258] Mapping filter: 'httpPutFormContentFilter' to: [/*]
2018-01-10 17:45:24,949 INFO [localhost-startStop-1] o.s.b.w.s.FilterRegistrationBean [AbstractFilterRegistrationBean.java:258] Mapping filter: 'requestContextFilter' to: [/*]
2018-01-10 17:45:24,949 INFO [localhost-startStop-1] o.s.b.w.s.FilterRegistrationBean [AbstractFilterRegistrationBean.java:258] Mapping filter: 'corsFilter' to: [/*]
2018-01-10 17:45:26,235 INFO [main] c.m.s.UserService [UserService.java:72] 初始化规则
2018-01-10 17:45:26,294 INFO [main] c.m.s.ContentTagService [ContentTagService.java:47] indexTag started
2018-01-10 17:45:26,905 INFO [main] c.m.s.ContentTagService [ContentTagService.java:69] indexTag finished.
2018-01-10 17:45:27,035 INFO [main] c.j.a.c.c.NativeHttpClient [NativeHttpClient.java:54] Created instance with connectionTimeout 5,000, readTimeout 30,000, maxRetryTimes 3, SSL Version TLS
2018-01-10 17:45:27,210 INFO [main] c.j.a.c.c.NativeHttpClient [NativeHttpClient.java:54] Created instance with connectionTimeout 5,000, readTimeout 30,000, maxRetryTimes 3, SSL Version TLS
2018-01-10 17:45:27,212 INFO [main] c.j.a.c.c.NativeHttpClient [NativeHttpClient.java:54] Created instance with connectionTimeout 5,000, readTimeout 30,000, maxRetryTimes 3, SSL Version TLS
2018-01-10 17:45:27,213 INFO [main] c.j.a.c.c.NativeHttpClient [NativeHttpClient.java:54] Created instance with connectionTimeout 5,000, readTimeout 30,000, maxRetryTimes 3, SSL Version TLS
2018-01-10 17:45:27,623 INFO [main] o.s.w.s.m.m.a.RequestMappingHandlerAdapter [RequestMappingHandlerAdapter.java:534] Looking for @ControllerAdvice: org.springframework.boot.context.embedded.AnnotationConfigEmbeddedWebApplicationContext@20f5281c: startup date [Wed Jan 10 17:45:22 CST 2018]; root of context hierarchy
2018-01-10 17:45:27,681 INFO [main] o.s.w.s.m.m.a.RequestMappingHandlerMapping [AbstractHandlerMethodMapping.java:543] Mapped "{[/home/getPricedKingdomList]}" onto public com.m2m.web.Response<com.m2m.response.PricedKingdomListResponse> com.m2m.controller.HomeController.getPricedKingdomList(com.m2m.request.PricedKingdomListRequest)
2018-01-10 17:45:27,683 INFO [main] o.s.w.s.m.m.a.RequestMappingHandlerMapping [AbstractHandlerMethodMapping.java:543] Mapped "{[/home/showListDetail]}" onto public com.m2m.web.Response<com.m2m.response.ShowListDetailResponse> com.m2m.controller.HomeController.showListDetail(com.m2m.request.ShowListDetailRequest)
2018-01-10 17:45:27,684 INFO [main] o.s.w.s.m.m.a.RequestMappingHandlerMapping [AbstractHandlerMethodMapping.java:543] Mapped "{[/home/showList]}" onto public com.m2m.web.Response<com.m2m.response.ShowListResponse> com.m2m.controller.HomeController.showList(com.m2m.request.ShowListRequest)
2018-01-10 17:45:27,685 INFO [main] o.s.w.s.m.m.a.RequestMappingHandlerMapping [AbstractHandlerMethodMapping.java:543] Mapped "{[/home/recTagGroup]}" onto public java.lang.Object com.m2m.controller.HomeController.recTagGroup(com.m2m.request.Home4RecTagGroupRequest)
2018-01-10 17:45:27,685 INFO [main] o.s.w.s.m.m.a.RequestMappingHandlerMapping [AbstractHandlerMethodMapping.java:543] Mapped "{[/home/attention]}" onto public java.lang.Object com.m2m.controller.HomeController.attention(com.m2m.request.Home4AttentionRequest)
2018-01-10 17:45:27,686 INFO [main] o.s.w.s.m.m.a.RequestMappingHandlerMapping [AbstractHandlerMethodMapping.java:543] Mapped "{[/home/hot]}" onto public java.lang.Object com.m2m.controller.HomeController.hot(com.m2m.request.Home4HotRequest)
2018-01-10 17:45:27,686 INFO [main] o.s.w.s.m.m.a.RequestMappingHandlerMapping [AbstractHandlerMethodMapping.java:543] Mapped "{[/home/industryOpt]}" onto public com.m2m.web.Response<com.m2m.response.BaseResponse> com.m2m.controller.HomeController.industryOpt(com.m2m.request.IndustryOptRequest)
2018-01-10 17:45:27,687 INFO [main] o.s.w.s.m.m.a.RequestMappingHandlerMapping [AbstractHandlerMethodMapping.java:543] Mapped "{[/home/tagLike]}" onto public java.lang.Object com.m2m.controller.HomeController.tagLike(com.m2m.request.Home4TagLikeRequest)
2018-01-10 17:45:27,690 INFO [main] o.s.w.s.m.m.a.RequestMappingHandlerMapping [AbstractHandlerMethodMapping.java:543] Mapped "{[/live/detail]}" onto public com.m2m.web.Response<com.m2m.response.DetailResponse> com.m2m.controller.LiveController.detail(com.m2m.request.DetailRequest)
2018-01-10 17:45:27,691 INFO [main] o.s.w.s.m.m.a.RequestMappingHandlerMapping [AbstractHandlerMethodMapping.java:543] Mapped "{[/live/getMyTopic]}" onto public com.m2m.web.Response<com.m2m.response.MyTopicResponse> com.m2m.controller.LiveController.getMyTopic(com.m2m.request.MyTopicRequest)
2018-01-10 17:45:27,692 INFO [main] o.s.w.s.m.m.a.RequestMappingHandlerMapping [AbstractHandlerMethodMapping.java:543] Mapped "{[/live/detailPage]}" onto public com.m2m.web.Response<com.m2m.response.DetailPageResponse> com.m2m.controller.LiveController.detailPage(com.m2m.request.DetailPageRequest)
2018-01-10 17:45:27,692 INFO [main] o.s.w.s.m.m.a.RequestMappingHandlerMapping [AbstractHandlerMethodMapping.java:543] Mapped "{[/live/liveCover]}" onto public com.m2m.web.Response<com.m2m.response.LiveCoverResponse> com.m2m.controller.LiveController.liveCover(com.m2m.request.Live4LiveCoverRequest)
2018-01-10 17:45:27,692 INFO [main] o.s.w.s.m.m.a.RequestMappingHandlerMapping [AbstractHandlerMethodMapping.java:543] Mapped "{[/live/speak]}" onto public com.m2m.web.Response<com.m2m.response.SpeakResponse> com.m2m.controller.LiveController.speak(com.m2m.request.SpeakRequest)
2018-01-10 17:45:27,693 INFO [main] o.s.w.s.m.m.a.RequestMappingHandlerMapping [AbstractHandlerMethodMapping.java:543] Mapped "{[/live/getUpdate]}" onto public com.m2m.web.Response<com.m2m.response.TopicUpdateResponse> com.m2m.controller.LiveController.getUpdate(com.m2m.request.TopicUpdateRequest)
2018-01-10 17:45:27,693 INFO [main] o.s.w.s.m.m.a.RequestMappingHandlerMapping [AbstractHandlerMethodMapping.java:543] Mapped "{[/live/detailFidPage]}" onto public com.m2m.web.Response<com.m2m.response.DetailFidPageResponse> com.m2m.controller.LiveController.detailFidPage(com.m2m.request.DetailFidPageRequest)
2018-01-10 17:45:27,693 INFO [main] o.s.w.s.m.m.a.RequestMappingHandlerMapping [AbstractHandlerMethodMapping.java:543] Mapped "{[/live/detailPageStatus]}" onto public com.m2m.web.Response<com.m2m.response.DetailPageStatusResponse> com.m2m.controller.LiveController.detailPageStatus(com.m2m.request.DetailPageStatusRequest)
2018-01-10 17:45:27,694 INFO [main] o.s.w.s.m.m.a.RequestMappingHandlerMapping [AbstractHandlerMethodMapping.java:543] Mapped "{[/user/emotionHisList]}" onto public com.m2m.web.Response<com.m2m.response.EmotionHisListResponse> com.m2m.controller.UserController.emotionHisList(com.m2m.request.EmotionHisListRequest)
2018-01-10 17:45:27,696 INFO [main] o.s.w.s.m.m.a.RequestMappingHandlerMapping [AbstractHandlerMethodMapping.java:543] Mapped "{[/error]}" onto public org.springframework.http.ResponseEntity<java.util.Map<java.lang.String, java.lang.Object>> org.springframework.boot.autoconfigure.web.BasicErrorController.error(javax.servlet.http.HttpServletRequest)
2018-01-10 17:45:27,697 INFO [main] o.s.w.s.m.m.a.RequestMappingHandlerMapping [AbstractHandlerMethodMapping.java:543] Mapped "{[/error],produces=[text/html]}" onto public org.springframework.web.servlet.ModelAndView org.springframework.boot.autoconfigure.web.BasicErrorController.errorHtml(javax.servlet.http.HttpServletRequest,javax.servlet.http.HttpServletResponse)
2018-01-10 17:45:27,721 INFO [main] o.s.w.s.h.SimpleUrlHandlerMapping [AbstractUrlHandlerMapping.java:362] Mapped URL path [/webjars/**] onto handler of type [class org.springframework.web.servlet.resource.ResourceHttpRequestHandler]
2018-01-10 17:45:27,722 INFO [main] o.s.w.s.h.SimpleUrlHandlerMapping [AbstractUrlHandlerMapping.java:362] Mapped URL path [/**] onto handler of type [class org.springframework.web.servlet.resource.ResourceHttpRequestHandler]
2018-01-10 17:45:27,757 INFO [main] o.s.w.s.h.SimpleUrlHandlerMapping [AbstractUrlHandlerMapping.java:362] Mapped URL path [/**/favicon.ico] onto handler of type [class org.springframework.web.servlet.resource.ResourceHttpRequestHandler]
2018-01-10 17:45:28,180 INFO [main] o.s.j.e.a.AnnotationMBeanExporter [MBeanExporter.java:431] Registering beans for JMX exposure on startup
2018-01-10 17:45:28,195 INFO [main] o.a.c.h.Http11NioProtocol [DirectJDKLog.java:179] Initializing ProtocolHandler ["http-nio-9090"]
2018-01-10 17:45:28,204 INFO [main] o.a.c.h.Http11NioProtocol [DirectJDKLog.java:179] Starting ProtocolHandler ["http-nio-9090"]
2018-01-10 17:45:28,215 INFO [main] o.a.t.u.n.NioSelectorPool [DirectJDKLog.java:179] Using a shared selector for servlet write/read
2018-01-10 17:45:28,239 INFO [main] o.s.b.c.e.t.TomcatEmbeddedServletContainer [TomcatEmbeddedServletContainer.java:201] Tomcat started on port(s): 9090 (http)
2018-01-10 17:45:28,242 INFO [main] c.m.Application [StartupInfoLogger.java:57] Started Application in 5.855 seconds (JVM running for 6.302)
2018-01-10 17:45:43,026 INFO [http-nio-9090-exec-1] o.a.c.c.C.[.[.[/] [DirectJDKLog.java:179] Initializing Spring FrameworkServlet 'dispatcherServlet'
2018-01-10 17:45:43,026 INFO [http-nio-9090-exec-1] o.s.w.s.DispatcherServlet [FrameworkServlet.java:489] FrameworkServlet 'dispatcherServlet': initialization started
2018-01-10 17:45:43,054 INFO [http-nio-9090-exec-1] o.s.w.s.DispatcherServlet [FrameworkServlet.java:508] FrameworkServlet 'dispatcherServlet': initialization completed in 27 ms
2018-01-10 17:45:43,532 INFO [http-nio-9090-exec-1] c.m.i.UserSecurityInterceptor [UserSecurityInterceptor.java:100] [298]-[/home/hot]-[{"uid":"298","page":"1","token":"5c4b4f4da10b4e9293cfbd679d99d6a3"}], EXECUTE TIME : [436ms]
2018-01-10 17:46:58,886 INFO [http-nio-9090-exec-3] c.m.i.UserSecurityInterceptor [UserSecurityInterceptor.java:100] [298]-[/home/industryOpt]-[{"uid":"298","industryId":"4","action":"2","token":"5c4b4f4da10b4e9293cfbd679d99d6a3"}], EXECUTE TIME : [53ms]
2018-01-10 17:47:32,694 INFO [http-nio-9090-exec-4] c.m.i.UserSecurityInterceptor [UserSecurityInterceptor.java:100] [298]-[/home/hot]-[{"uid":"298","page":"1","token":"5c4b4f4da10b4e9293cfbd679d99d6a3"}], EXECUTE TIME : [141ms]
2018-01-10 17:47:54,263 INFO [http-nio-9090-exec-5] c.m.i.UserSecurityInterceptor [UserSecurityInterceptor.java:100] [298]-[/home/industryOpt]-[{"uid":"298","industryId":"1","action":"2","token":"5c4b4f4da10b4e9293cfbd679d99d6a3"}], EXECUTE TIME : [48ms]
2018-01-10 17:47:58,553 INFO [http-nio-9090-exec-6] c.m.i.UserSecurityInterceptor [UserSecurityInterceptor.java:100] [298]-[/home/hot]-[{"uid":"298","page":"1","token":"5c4b4f4da10b4e9293cfbd679d99d6a3"}], EXECUTE TIME : [141ms]
2018-01-10 17:48:30,156 INFO [http-nio-9090-exec-7] c.m.i.UserSecurityInterceptor [UserSecurityInterceptor.java:100] [298]-[/home/industryOpt]-[{"uid":"298","industryId":"3","action":"1","token":"5c4b4f4da10b4e9293cfbd679d99d6a3"}], EXECUTE TIME : [103ms]
2018-01-10 17:48:32,977 INFO [http-nio-9090-exec-8] c.m.i.UserSecurityInterceptor [UserSecurityInterceptor.java:100] [298]-[/home/hot]-[{"uid":"298","page":"1","token":"5c4b4f4da10b4e9293cfbd679d99d6a3"}], EXECUTE TIME : [131ms]
